20078
21303
62610
37426
18830
42151
57433
31358
5795
23386
39020
16472
37770
43476
48939
31764
51422
62919
40104
30042
36958
51675
49588
25540
31143
49753
63187
38679
44225
4273
9597
14049
32426
36432
34923
35367
22781
14295
35072
21640
24006
10068
18072
49474
30639
12308
50333
60001
14283
31223
42308
23232
61437
51355
45308
28878
34299
54085
11450
16978
20229
12825
50182
42109
63913
62899
5602
24099
52259
54890
54575
43140
36454
60797
60178
9650
36751
24236
15663
11649
55775
62052
24069
2051
8536
16615
23035
51784
17659
589
6140
38862
52953
39369
25692
63746
8492
40202
52405
2903
